[2021-09-03 15:51:45] local.ERROR: SQLSTATE[28000] [1045] Access denied for user 'cariazlj'@'localhost' (using password: NO) (SQL: select * from `settings`) {"exception":"[object] (Illuminate\\Database\\QueryException(code: 1045): SQLSTATE[28000] [1045] Access denied for user 'cariazlj'@'localhost' (using password: NO) (SQL: select * from `settings`) at /home/cariazlj/prod.foxart.co/lapp/vendor/laravel/framework/src/Illuminate/Database/Connection.php:664, PDOException(code: 1045): SQLSTATE[28000] [1045] Access denied for user 'cariazlj'@'localhost' (using password: NO) at /home/cariazlj/prod.foxart.co/lapp/vendor/laravel/framework/src/Illuminate/Database/Connectors/Connector.php:70)
[stacktrace]
#0 /home/cariazlj/prod.foxart.co/lapp/vendor/laravel/framework/src/Illuminate/Database/Connection.php(624): Illuminate\\Database\\Connection->runQueryCallback('select * from `...', Array, Object(Closure))
#1 /home/cariazlj/prod.foxart.co/lapp/vendor/laravel/framework/src/Illuminate/Database/Connection.php(333): Illuminate\\Database\\Connection->run('select * from `...', Array, Object(Closure))
#2 /home/cariazlj/prod.foxart.co/lapp/vendor/laravel/framework/src/Illuminate/Database/Query/Builder.php(2130): Illuminate\\Database\\Connection->select('select * from `...', Array, true)
#3 /home/cariazlj/prod.foxart.co/lapp/vendor/laravel/framework/src/Illuminate/Database/Query/Builder.php(2118): Illuminate\\Database\\Query\\Builder->runSelect()
#4 /home/cariazlj/prod.foxart.co/lapp/vendor/laravel/framework/src/Illuminate/Database/Query/Builder.php(2604): Illuminate\\Database\\Query\\Builder->Illuminate\\Database\\Query\\{closure}()
#5 /home/cariazlj/prod.foxart.co/lapp/vendor/laravel/framework/src/Illuminate/Database/Query/Builder.php(2119): Illuminate\\Database\\Query\\Builder->onceWithColumns(Array, Object(Closure))
#6 /home/cariazlj/prod.foxart.co/lapp/app/Providers/AppServiceProvider.php(38): Illuminate\\Database\\Query\\Builder->get()
#7 /home/cariazlj/prod.foxart.co/lapp/vendor/laravel/framework/src/Illuminate/Container/Container.php(785): App\\Providers\\AppServiceProvider->App\\Providers\\{closure}(Object(Illuminate\\Foundation\\Application), Array)
#8 /home/cariazlj/prod.foxart.co/lapp/vendor/laravel/framework/src/Illuminate/Container/Container.php(667): Illuminate\\Container\\Container->build(Object(Closure))
#9 /home/cariazlj/prod.foxart.co/lapp/vendor/laravel/framework/src/Illuminate/Container/Container.php(615): Illuminate\\Container\\Container->resolve('site_lang', Array)
#10 /home/cariazlj/prod.foxart.co/lapp/vendor/laravel/framework/src/Illuminate/Foundation/Application.php(767): Illuminate\\Container\\Container->make('site_lang', Array)
#11 /home/cariazlj/prod.foxart.co/lapp/vendor/laravel/framework/src/Illuminate/Foundation/helpers.php(121): Illuminate\\Foundation\\Application->make('site_lang', Array)
#12 /home/cariazlj/prod.foxart.co/lapp/app/Providers/AppServiceProvider.php(46): app('site_lang')
#13 [internal function]: App\\Providers\\AppServiceProvider->boot()
#14 /home/cariazlj/prod.foxart.co/lapp/vendor/laravel/framework/src/Illuminate/Container/BoundMethod.php(32): call_user_func_array(Array, Array)
#15 /home/cariazlj/prod.foxart.co/lapp/vendor/laravel/framework/src/Illuminate/Container/BoundMethod.php(90): Illuminate\\Container\\BoundMethod::Illuminate\\Container\\{closure}()
#16 /home/cariazlj/prod.foxart.co/lapp/vendor/laravel/framework/src/Illuminate/Container/BoundMethod.php(34): Illuminate\\Container\\BoundMethod::callBoundMethod(Object(Illuminate\\Foundation\\Application), Array, Object(Closure))
#17 /home/cariazlj/prod.foxart.co/lapp/vendor/laravel/framework/src/Illuminate/Container/Container.php(576): Illuminate\\Container\\BoundMethod::call(Object(Illuminate\\Foundation\\Application), Array, Array, NULL)
#18 /home/cariazlj/prod.foxart.co/lapp/vendor/laravel/framework/src/Illuminate/Foundation/Application.php(827): Illuminate\\Container\\Container->call(Array)
#19 /home/cariazlj/prod.foxart.co/lapp/vendor/laravel/framework/src/Illuminate/Foundation/Application.php(810): Illuminate\\Foundation\\Application->bootProvider(Object(App\\Providers\\AppServiceProvider))
#20 [internal function]: Illuminate\\Foundation\\Application->Illuminate\\Foundation\\{closure}(Object(App\\Providers\\AppServiceProvider), 21)
#21 /home/cariazlj/prod.foxart.co/lapp/vendor/laravel/framework/src/Illuminate/Foundation/Application.php(811): array_walk(Array, Object(Closure))
#22 /home/cariazlj/prod.foxart.co/lapp/vendor/laravel/framework/src/Illuminate/Foundation/Bootstrap/BootProviders.php(17): Illuminate\\Foundation\\Application->boot()
#23 /home/cariazlj/prod.foxart.co/lapp/vendor/laravel/framework/src/Illuminate/Foundation/Application.php(210): Illuminate\\Foundation\\Bootstrap\\BootProviders->bootstrap(Object(Illuminate\\Foundation\\Application))
#24 /home/cariazlj/prod.foxart.co/lapp/vendor/laravel/framework/src/Illuminate/Foundation/Http/Kernel.php(162): Illuminate\\Foundation\\Application->bootstrapWith(Array)
#25 /home/cariazlj/prod.foxart.co/lapp/vendor/laravel/framework/src/Illuminate/Foundation/Http/Kernel.php(146): Illuminate\\Foundation\\Http\\Kernel->bootstrap()
#26 /home/cariazlj/prod.foxart.co/lapp/vendor/laravel/framework/src/Illuminate/Foundation/Http/Kernel.php(116): Illuminate\\Foundation\\Http\\Kernel->sendRequestThroughRouter(Object(Illuminate\\Http\\Request))
#27 /home/cariazlj/prod.foxart.co/index.php(59): Illuminate\\Foundation\\Http\\Kernel->handle(Object(Illuminate\\Http\\Request))
#28 {main}
"} 
